Date and time: 2023-06-08T12:34:10+00:00
CPU usage of each task (PID %CPU):
8375 6.2
8407 6.2
------------------------------------- 

Memory usage of each task (PID %MEM):
6376 2.9
1 0.2
314 0.5
395 0.1
787 0.1
788 0.2
839 0.1
843 0.1
845 0.1
846 0.2
853 0.3
854 0.1
855 0.1
856 0.1
857 0.5
858 0.1
859 0.1
860 0.1
873 0.2
874 0.1
951 0.2
968 0.1
985 0.2
988 0.3
1074 0.1
1107 0.1
1384 0.6
1594 0.2
1635 0.1
1654 0.1
1655 0.1
1661 0.1
1662 0.1
1663 0.4
1673 0.1
1680 0.1
1685 0.1
1704 0.1
1708 0.1
1729 0.1
1733 0.5
1743 0.1
1746 0.2
1802 0.9
1804 0.1
1819 0.2
1844 0.1
1847 3.7
1854 0.1
1864 0.1
1887 0.1
1901 0.1
1905 0.5
1914 0.2
1919 0.1
1925 0.1
1945 0.2
1948 0.1
1956 0.3
1959 0.1
1971 0.4
1973 0.1
1989 0.1
1991 0.1
1992 0.3
1993 0.2
1996 0.1
1998 0.3
1999 0.3
2002 0.4
2003 0.1
2004 0.1
2005 0.1
2006 0.1
2008 0.1
2009 0.1
2011 0.3
2077 0.8
2080 0.1
2092 0.2
2119 0.1
2120 0.4
2125 0.1
2148 0.1
2156 3.4
2215 0.4
2245 0.9
2291 0.4
2318 0.2
2334 0.4
2356 0.4
2379 0.3
2424 0.1
2431 0.2
2511 0.3
2568 1.1
3157 0.4
3291 0.7
3295 0.5
3444 0.1
3457 1.0
3534 1.8
3542 0.1
3575 3.9
3599 0.8
3600 0.8
3601 0.1
3604 0.2
3614 1.0
3635 1.0
3669 0.3
3687 2.5
3692 1.3
3726 0.5
3884 1.1
3898 1.6
3941 1.4
3942 3.0
4158 2.9
5011 2.8
6144 1.3
6171 2.8
6224 0.8
6247 0.8
6402 0.7
6420 0.1
8409 0.1
Total memory usage: 27%
------------------------------------- 

